2023-09-14 20:31:57,739.v3_emitter_of_tasks.INFO ==================================================
2023-09-14 20:31:57,740.v3_emitter_of_tasks.INFO Today is 2023-09-14 at 08:31 PM
2023-09-14 20:31:57,740.v3_emitter_of_tasks.INFO Running on: posix Darwin 22.4.0
2023-09-14 20:31:57,740.v3_emitter_of_tasks.INFO Python version:  3.9.13
2023-09-14 20:31:57,740.v3_emitter_of_tasks.INFO Python path: /Users/malcolmphillip/opt/anaconda3
2023-09-14 20:31:57,740.v3_emitter_of_tasks.INFO Working dir: /Users/malcolmphillip/ds-venv/CSIS 44671-Streaming Data/streaming-04-multiple-consumers
2023-09-14 20:31:57,740.v3_emitter_of_tasks.INFO ==================================================
2023-09-14 20:31:58,403.v3_emitter_of_tasks.INFO  [x] Sent First task....
2023-09-14 20:31:58,413.v3_emitter_of_tasks.INFO Sent: First task.... to RabbitMQ.
2023-09-14 20:31:58,422.v3_emitter_of_tasks.INFO  [x] Sent Second task....
2023-09-14 20:31:58,423.v3_emitter_of_tasks.INFO Sent: Second task.... to RabbitMQ.
2023-09-14 20:31:58,436.v3_emitter_of_tasks.INFO  [x] Sent Third task....
2023-09-14 20:31:58,438.v3_emitter_of_tasks.INFO Sent: Third task.... to RabbitMQ.
2023-09-14 20:31:58,445.v3_emitter_of_tasks.INFO  [x] Sent Forth task...
2023-09-14 20:31:58,446.v3_emitter_of_tasks.INFO Sent: Forth task... to RabbitMQ.
2023-09-14 20:31:58,455.v3_emitter_of_tasks.INFO  [x] Sent Fifth task...
2023-09-14 20:31:58,457.v3_emitter_of_tasks.INFO Sent: Fifth task... to RabbitMQ.
2023-09-14 20:31:58,464.v3_emitter_of_tasks.INFO  [x] Sent Sixth task...
2023-09-14 20:31:58,465.v3_emitter_of_tasks.INFO Sent: Sixth task... to RabbitMQ.
2023-09-14 20:31:58,478.v3_emitter_of_tasks.INFO  [x] Sent Exploring task2...
2023-09-14 20:31:58,479.v3_emitter_of_tasks.INFO Sent: Exploring task2... to RabbitMQ.
2023-09-14 20:31:58,489.v3_emitter_of_tasks.INFO  [x] Sent Test task3...
2023-09-14 20:31:58,490.v3_emitter_of_tasks.INFO Sent: Test task3... to RabbitMQ.
2023-09-14 20:31:58,495.v3_emitter_of_tasks.INFO  [x] Sent Project 4 finally task4...
2023-09-14 20:31:58,496.v3_emitter_of_tasks.INFO Sent: Project 4 finally task4... to RabbitMQ.
