2023-09-14 20:33:00,344.v3_listening_worker.INFO ==================================================
2023-09-14 20:33:00,344.v3_listening_worker.INFO Today is 2023-09-14 at 08:33 PM
2023-09-14 20:33:00,344.v3_listening_worker.INFO Running on: posix Darwin 22.4.0
2023-09-14 20:33:00,344.v3_listening_worker.INFO Python version:  3.9.13
2023-09-14 20:33:00,344.v3_listening_worker.INFO Python path: /Users/malcolmphillip/opt/anaconda3
2023-09-14 20:33:00,344.v3_listening_worker.INFO Working dir: /Users/malcolmphillip/ds-venv/CSIS 44671-Streaming Data/streaming-04-multiple-consumers
2023-09-14 20:33:00,344.v3_listening_worker.INFO ==================================================
2023-09-14 20:33:00,363.v3_listening_worker.INFO  [*] Ready for work. To exit press CTRL+C
2023-09-14 20:33:00,363.v3_listening_worker.INFO  [x] Received First task....
2023-09-14 20:33:04,369.v3_listening_worker.INFO  [x] Done.
2023-09-14 20:33:04,373.v3_listening_worker.INFO  [x] Received Second task....
2023-09-14 20:33:08,379.v3_listening_worker.INFO  [x] Done.
2023-09-14 20:33:08,382.v3_listening_worker.INFO  [x] Received Third task....
2023-09-14 20:33:12,387.v3_listening_worker.INFO  [x] Done.
2023-09-14 20:33:12,389.v3_listening_worker.INFO  [x] Received Forth task...
2023-09-14 20:33:15,395.v3_listening_worker.INFO  [x] Done.
2023-09-14 20:33:15,398.v3_listening_worker.INFO  [x] Received Fifth task...
2023-09-14 20:33:18,401.v3_listening_worker.INFO  [x] Done.
2023-09-14 20:33:18,405.v3_listening_worker.INFO  [x] Received Sixth task...
2023-09-14 20:33:21,410.v3_listening_worker.INFO  [x] Done.
2023-09-14 20:33:21,414.v3_listening_worker.INFO  [x] Received Exploring task2...
2023-09-14 20:33:24,419.v3_listening_worker.INFO  [x] Done.
2023-09-14 20:33:24,422.v3_listening_worker.INFO  [x] Received Test task3...
2023-09-14 20:33:27,428.v3_listening_worker.INFO  [x] Done.
2023-09-14 20:33:27,433.v3_listening_worker.INFO  [x] Received Project 4 finally task4...
2023-09-14 20:33:30,439.v3_listening_worker.INFO  [x] Done.
2023-09-14 20:33:30,441.v3_listening_worker.INFO  [x] Received First task....
2023-09-14 20:33:34,445.v3_listening_worker.INFO  [x] Done.
2023-09-14 20:33:34,447.v3_listening_worker.INFO  [x] Received Second task....
2023-09-14 20:33:38,452.v3_listening_worker.INFO  [x] Done.
2023-09-14 20:33:38,455.v3_listening_worker.INFO  [x] Received Third task....
2023-09-14 20:33:42,460.v3_listening_worker.INFO  [x] Done.
2023-09-14 20:33:42,463.v3_listening_worker.INFO  [x] Received Forth task...
2023-09-14 20:33:45,467.v3_listening_worker.INFO  [x] Done.
2023-09-14 20:33:45,469.v3_listening_worker.INFO  [x] Received Fifth task...
2023-09-14 20:33:48,471.v3_listening_worker.INFO  [x] Done.
2023-09-14 20:33:48,475.v3_listening_worker.INFO  [x] Received Sixth task...
2023-09-14 20:33:51,480.v3_listening_worker.INFO  [x] Done.
2023-09-14 20:33:51,484.v3_listening_worker.INFO  [x] Received Exploring task2...
2023-09-14 20:33:54,485.v3_listening_worker.INFO  [x] Done.
2023-09-14 20:33:54,487.v3_listening_worker.INFO  [x] Received Test task3...
2023-09-14 20:33:57,492.v3_listening_worker.INFO  [x] Done.
2023-09-14 20:33:57,494.v3_listening_worker.INFO  [x] Received Project 4 finally task4...
2023-09-14 20:34:00,499.v3_listening_worker.INFO  [x] Done.
